[2025-09-27 16:27:43] USER=sweaa OK: echo "Привет из стартового скрипта!"
[2025-09-27 16:27:43] USER=sweaa OK: wtf
[2025-09-27 16:27:43] USER=sweaa OK: pwd
[2025-09-27 16:27:59] USER=sweaa OK: echo
[2025-09-27 16:28:22] USER=sweaa OK: pwd
[2025-09-27 16:28:28] USER=sweaa OK: wtf
[2025-09-27 16:29:05] USER=sweaa OK: exit
[2025-09-27 16:30:33] USER=sweaa OK: echo "Привет из стартового скрипта!"
[2025-09-27 16:30:33] USER=sweaa OK: wtf
[2025-09-27 16:30:33] USER=sweaa OK: pwd
[2025-09-27 16:30:47] USER=sweaa OK: echo "dshgdgidg"
[2025-09-27 16:30:59] USER=sweaa OK: wtf
[2025-09-27 16:31:06] USER=sweaa OK: wfs
[2025-09-27 16:31:06] USER=sweaa ERROR: wfs
[2025-09-27 16:31:09] USER=sweaa OK: m,j
[2025-09-27 16:31:09] USER=sweaa ERROR: m,j
[2025-09-27 16:31:10] USER=sweaa OK: kg
[2025-09-27 16:31:10] USER=sweaa ERROR: kg
[2025-09-27 16:31:11] USER=sweaa OK: k
[2025-09-27 16:31:11] USER=sweaa ERROR: k
